[INFO  - 2017-10-27T23:46:04.159Z] GhostDriver - Main - running on port 49166
[INFO  - 2017-10-27T23:46:05.351Z] Session [ff60e180-bb70-11e7-bf98-5dac7e219121] - page.settings - {"XSSAuditingEnabled":false,"javascriptCanCloseWindows":true,"javascriptCanOpenWindows":true,"javascriptEnabled":true,"loadImages":false,"localToRemoteUrlAccessEnabled":false,"userAgent":"Mozilla/5.0 (Windows NT 10.0; Win64; x64) AppleWebKit/537.36 (KHTML, like Gecko) Chrome/59.0.3071.115 Safari/537.36","webSecurityEnabled":true}
[INFO  - 2017-10-27T23:46:05.351Z] Session [ff60e180-bb70-11e7-bf98-5dac7e219121] - page.customHeaders:  - {}
[INFO  - 2017-10-27T23:46:05.351Z] Session [ff60e180-bb70-11e7-bf98-5dac7e219121] - Session.negotiatedCapabilities - {"browserName":"phantomjs","version":"2.1.1","driverName":"ghostdriver","driverVersion":"1.2.0","platform":"windows-10-32bit","javascriptEnabled":true,"takesScreenshot":true,"handlesAlerts":false,"databaseEnabled":false,"locationContextEnabled":false,"applicationCacheEnabled":false,"browserConnectionEnabled":false,"cssSelectorsEnabled":true,"webStorageEnabled":false,"rotatable":false,"acceptSslCerts":false,"nativeEvents":true,"proxy":{"proxyType":"direct"},"phantomjs.page.settings.cookie":"msacademic=d05c2157-9e54-48ff-ab2b-43864b29430b; ai_user=Ll7Cm|2017-08-29T08:29:14.651Z;ARRAffinity=03dbaf7ebccf3a5270373d2bf50d0eea48778d1e5597aa06ff24fffe7ddcb12c;ai_session=ATGmx|1507543708952.43|1507548269298.4","phantomjs.page.settings.loadImages":false,"phantomjs.page.settings.userAgent":"Mozilla/5.0 (Windows NT 10.0; Win64; x64) AppleWebKit/537.36 (KHTML, like Gecko) Chrome/59.0.3071.115 Safari/537.36"}
[INFO  - 2017-10-27T23:46:05.351Z] SessionManagerReqHand - _postNewSessionCommand - New Session Created: ff60e180-bb70-11e7-bf98-5dac7e219121
[ERROR - 2017-10-27T23:46:29.801Z] Session [ff60e180-bb70-11e7-bf98-5dac7e219121] - page.onError - msg: ReferenceError: Can't find variable: ga

  phantomjs://platform/console++.js:263 in error
[ERROR - 2017-10-27T23:46:29.802Z] Session [ff60e180-bb70-11e7-bf98-5dac7e219121] - page.onError - stack:
  hawkeye_insert_madgex_widget (http://hawkeye-data-production.sciencemag.org.s3-website-us-east-1.amazonaws.com/content-targeting-staging.js:262)

  phantomjs://platform/console++.js:263 in error
[ERROR - 2017-10-27T23:46:31.392Z] Session [ff60e180-bb70-11e7-bf98-5dac7e219121] - page.onError - msg: TypeError: undefined is not a constructor (evaluating 'window.picturefill({elements:n.get()})')

  phantomjs://platform/console++.js:263 in error
[ERROR - 2017-10-27T23:46:31.392Z] Session [ff60e180-bb70-11e7-bf98-5dac7e219121] - page.onError - stack:
  attach (https://d2ufo47lrtsv5s.cloudfront.net/sites/all/modules/contrib/picture/picture.min.js?v=7.56:1)
  (anonymous function) (https://d2ufo47lrtsv5s.cloudfront.net/misc/drupal.js?oyedd5:76)
  each (https://d2ufo47lrtsv5s.cloudfront.net/sites/all/modules/contrib/jquery_update/replace/jquery/1.8/jquery.min.js?v=1.8.2:2)
  attachBehaviors (https://d2ufo47lrtsv5s.cloudfront.net/misc/drupal.js?oyedd5:74)
  (anonymous function) (https://d2ufo47lrtsv5s.cloudfront.net/misc/drupal.js?oyedd5:557)
  k (https://d2ufo47lrtsv5s.cloudfront.net/sites/all/modules/contrib/jquery_update/replace/jquery/1.8/jquery.min.js?v=1.8.2:2)
  fireWith (https://d2ufo47lrtsv5s.cloudfront.net/sites/all/modules/contrib/jquery_update/replace/jquery/1.8/jquery.min.js?v=1.8.2:2)
  ready (https://d2ufo47lrtsv5s.cloudfront.net/sites/all/modules/contrib/jquery_update/replace/jquery/1.8/jquery.min.js?v=1.8.2:2)
  D (https://d2ufo47lrtsv5s.cloudfront.net/sites/all/modules/contrib/jquery_update/replace/jquery/1.8/jquery.min.js?v=1.8.2:2)

  phantomjs://platform/console++.js:263 in error
[ERROR - 2017-10-27T23:47:24.013Z] Session [ff60e180-bb70-11e7-bf98-5dac7e219121] - page.onError - msg: ReferenceError: Can't find variable: ga

  phantomjs://platform/console++.js:263 in error
[ERROR - 2017-10-27T23:47:24.014Z] Session [ff60e180-bb70-11e7-bf98-5dac7e219121] - page.onError - stack:
  hawkeye_insert_madgex_widget (http://hawkeye-data-production.sciencemag.org.s3-website-us-east-1.amazonaws.com/content-targeting-staging.js:262)

  phantomjs://platform/console++.js:263 in error
[ERROR - 2017-10-27T23:48:43.671Z] Session [ff60e180-bb70-11e7-bf98-5dac7e219121] - page.onError - msg: ReferenceError: Can't find variable: ga

  phantomjs://platform/console++.js:263 in error
[ERROR - 2017-10-27T23:48:43.672Z] Session [ff60e180-bb70-11e7-bf98-5dac7e219121] - page.onError - stack:
  hawkeye_insert_madgex_widget (http://hawkeye-data-production.sciencemag.org.s3-website-us-east-1.amazonaws.com/content-targeting-staging.js:262)

  phantomjs://platform/console++.js:263 in error
[ERROR - 2017-10-27T23:49:37.893Z] Session [ff60e180-bb70-11e7-bf98-5dac7e219121] - page.onError - msg: ReferenceError: Can't find variable: ga

  phantomjs://platform/console++.js:263 in error
[ERROR - 2017-10-27T23:49:37.893Z] Session [ff60e180-bb70-11e7-bf98-5dac7e219121] - page.onError - stack:
  hawkeye_insert_madgex_widget (http://hawkeye-data-production.sciencemag.org.s3-website-us-east-1.amazonaws.com/content-targeting-staging.js:262)

  phantomjs://platform/console++.js:263 in error
[ERROR - 2017-10-27T23:50:33.139Z] Session [ff60e180-bb70-11e7-bf98-5dac7e219121] - page.onError - msg: ReferenceError: Can't find variable: ga

  phantomjs://platform/console++.js:263 in error
[ERROR - 2017-10-27T23:50:33.140Z] Session [ff60e180-bb70-11e7-bf98-5dac7e219121] - page.onError - stack:
  hawkeye_insert_madgex_widget (http://hawkeye-data-production.sciencemag.org.s3-website-us-east-1.amazonaws.com/content-targeting-staging.js:262)

  phantomjs://platform/console++.js:263 in error
[INFO  - 2017-10-27T23:51:04.169Z] SessionManagerReqHand - _cleanupWindowlessSessions - Asynchronous Sessions clean-up phase starting NOW
[ERROR - 2017-10-27T23:52:29.058Z] Session [ff60e180-bb70-11e7-bf98-5dac7e219121] - page.onError - msg: ReferenceError: Can't find variable: ga

  phantomjs://platform/console++.js:263 in error
[ERROR - 2017-10-27T23:52:29.058Z] Session [ff60e180-bb70-11e7-bf98-5dac7e219121] - page.onError - stack:
  hawkeye_insert_madgex_widget (http://hawkeye-data-production.sciencemag.org.s3-website-us-east-1.amazonaws.com/content-targeting-staging.js:262)

  phantomjs://platform/console++.js:263 in error
[INFO  - 2017-10-27T23:56:04.179Z] SessionManagerReqHand - _cleanupWindowlessSessions - Asynchronous Sessions clean-up phase starting NOW
[ERROR - 2017-10-27T23:57:59.877Z] Session [ff60e180-bb70-11e7-bf98-5dac7e219121] - page.onError - msg: TypeError: null is not an object (evaluating 'referenceNode.parentNode')

  phantomjs://platform/console++.js:263 in error
[ERROR - 2017-10-27T23:57:59.878Z] Session [ff60e180-bb70-11e7-bf98-5dac7e219121] - page.onError - stack:
  hawkeye_insertAfter (http://hawkeye-data-production.sciencemag.org.s3-website-us-east-1.amazonaws.com/content-targeting-staging.js:232)
  hawkeye_insert_madgex_widget (http://hawkeye-data-production.sciencemag.org.s3-website-us-east-1.amazonaws.com/content-targeting-staging.js:254)

  phantomjs://platform/console++.js:263 in error
[INFO  - 2017-10-28T00:01:04.179Z] SessionManagerReqHand - _cleanupWindowlessSessions - Asynchronous Sessions clean-up phase starting NOW
[ERROR - 2017-10-28T00:01:43.899Z] Session [ff60e180-bb70-11e7-bf98-5dac7e219121] - page.onError - msg: ReferenceError: Can't find variable: ga

  phantomjs://platform/console++.js:263 in error
[ERROR - 2017-10-28T00:01:43.900Z] Session [ff60e180-bb70-11e7-bf98-5dac7e219121] - page.onError - stack:
  hawkeye_insert_madgex_widget (http://hawkeye-data-production.sciencemag.org.s3-website-us-east-1.amazonaws.com/content-targeting-staging.js:262)

  phantomjs://platform/console++.js:263 in error
[ERROR - 2017-10-28T00:02:40.796Z] Session [ff60e180-bb70-11e7-bf98-5dac7e219121] - page.onError - msg: ReferenceError: Can't find variable: ga

  phantomjs://platform/console++.js:263 in error
[ERROR - 2017-10-28T00:02:40.796Z] Session [ff60e180-bb70-11e7-bf98-5dac7e219121] - page.onError - stack:
  hawkeye_insert_madgex_widget (http://hawkeye-data-production.sciencemag.org.s3-website-us-east-1.amazonaws.com/content-targeting-staging.js:262)

  phantomjs://platform/console++.js:263 in error
[ERROR - 2017-10-28T00:03:35.827Z] Session [ff60e180-bb70-11e7-bf98-5dac7e219121] - page.onError - msg: TypeError: null is not an object (evaluating 'referenceNode.parentNode')

  phantomjs://platform/console++.js:263 in error
[ERROR - 2017-10-28T00:03:35.828Z] Session [ff60e180-bb70-11e7-bf98-5dac7e219121] - page.onError - stack:
  hawkeye_insertAfter (http://hawkeye-data-production.sciencemag.org.s3-website-us-east-1.amazonaws.com/content-targeting-staging.js:232)
  hawkeye_insert_madgex_widget (http://hawkeye-data-production.sciencemag.org.s3-website-us-east-1.amazonaws.com/content-targeting-staging.js:254)

  phantomjs://platform/console++.js:263 in error
[ERROR - 2017-10-28T00:05:24.699Z] Session [ff60e180-bb70-11e7-bf98-5dac7e219121] - page.onError - msg: ReferenceError: Can't find variable: ga

  phantomjs://platform/console++.js:263 in error
[ERROR - 2017-10-28T00:05:24.699Z] Session [ff60e180-bb70-11e7-bf98-5dac7e219121] - page.onError - stack:
  hawkeye_insert_madgex_widget (http://hawkeye-data-production.sciencemag.org.s3-website-us-east-1.amazonaws.com/content-targeting-staging.js:262)

  phantomjs://platform/console++.js:263 in error
[INFO  - 2017-10-28T00:06:04.192Z] SessionManagerReqHand - _cleanupWindowlessSessions - Asynchronous Sessions clean-up phase starting NOW
[ERROR - 2017-10-28T00:08:10.389Z] Session [ff60e180-bb70-11e7-bf98-5dac7e219121] - page.onError - msg: ReferenceError: Can't find variable: ga

  phantomjs://platform/console++.js:263 in error
[ERROR - 2017-10-28T00:08:10.390Z] Session [ff60e180-bb70-11e7-bf98-5dac7e219121] - page.onError - stack:
  hawkeye_insert_madgex_widget (http://hawkeye-data-production.sciencemag.org.s3-website-us-east-1.amazonaws.com/content-targeting-staging.js:262)

  phantomjs://platform/console++.js:263 in error
[ERROR - 2017-10-28T00:09:04.640Z] Session [ff60e180-bb70-11e7-bf98-5dac7e219121] - page.onError - msg: ReferenceError: Can't find variable: ga

  phantomjs://platform/console++.js:263 in error
[ERROR - 2017-10-28T00:09:04.640Z] Session [ff60e180-bb70-11e7-bf98-5dac7e219121] - page.onError - stack:
  hawkeye_insert_madgex_widget (http://hawkeye-data-production.sciencemag.org.s3-website-us-east-1.amazonaws.com/content-targeting-staging.js:262)

  phantomjs://platform/console++.js:263 in error
[ERROR - 2017-10-28T00:09:59.880Z] Session [ff60e180-bb70-11e7-bf98-5dac7e219121] - page.onError - msg: ReferenceError: Can't find variable: ga

  phantomjs://platform/console++.js:263 in error
[ERROR - 2017-10-28T00:09:59.880Z] Session [ff60e180-bb70-11e7-bf98-5dac7e219121] - page.onError - stack:
  hawkeye_insert_madgex_widget (http://hawkeye-data-production.sciencemag.org.s3-website-us-east-1.amazonaws.com/content-targeting-staging.js:262)

  phantomjs://platform/console++.js:263 in error
[INFO  - 2017-10-28T00:11:04.210Z] SessionManagerReqHand - _cleanupWindowlessSessions - Asynchronous Sessions clean-up phase starting NOW
[ERROR - 2017-10-28T00:11:48.267Z] Session [ff60e180-bb70-11e7-bf98-5dac7e219121] - page.onError - msg: ReferenceError: Can't find variable: ga

  phantomjs://platform/console++.js:263 in error
[ERROR - 2017-10-28T00:11:48.268Z] Session [ff60e180-bb70-11e7-bf98-5dac7e219121] - page.onError - stack:
  hawkeye_insert_madgex_widget (http://hawkeye-data-production.sciencemag.org.s3-website-us-east-1.amazonaws.com/content-targeting-staging.js:262)

  phantomjs://platform/console++.js:263 in error
[INFO  - 2017-10-28T00:16:04.212Z] SessionManagerReqHand - _cleanupWindowlessSessions - Asynchronous Sessions clean-up phase starting NOW
[ERROR - 2017-10-28T00:16:23.671Z] Session [ff60e180-bb70-11e7-bf98-5dac7e219121] - page.onError - msg: TypeError: null is not an object (evaluating 'referenceNode.parentNode')

  phantomjs://platform/console++.js:263 in error
[ERROR - 2017-10-28T00:16:23.671Z] Session [ff60e180-bb70-11e7-bf98-5dac7e219121] - page.onError - stack:
  hawkeye_insertAfter (http://hawkeye-data-production.sciencemag.org.s3-website-us-east-1.amazonaws.com/content-targeting-staging.js:232)
  hawkeye_insert_madgex_widget (http://hawkeye-data-production.sciencemag.org.s3-website-us-east-1.amazonaws.com/content-targeting-staging.js:254)

  phantomjs://platform/console++.js:263 in error
[ERROR - 2017-10-28T00:20:06.706Z] Session [ff60e180-bb70-11e7-bf98-5dac7e219121] - page.onError - msg: ReferenceError: Can't find variable: ga

  phantomjs://platform/console++.js:263 in error
[ERROR - 2017-10-28T00:20:06.707Z] Session [ff60e180-bb70-11e7-bf98-5dac7e219121] - page.onError - stack:
  hawkeye_insert_madgex_widget (http://hawkeye-data-production.sciencemag.org.s3-website-us-east-1.amazonaws.com/content-targeting-staging.js:262)

  phantomjs://platform/console++.js:263 in error
[INFO  - 2017-10-28T00:21:04.256Z] SessionManagerReqHand - _cleanupWindowlessSessions - Asynchronous Sessions clean-up phase starting NOW
[ERROR - 2017-10-28T00:23:49.876Z] Session [ff60e180-bb70-11e7-bf98-5dac7e219121] - page.onError - msg: TypeError: null is not an object (evaluating 'referenceNode.parentNode')

  phantomjs://platform/console++.js:263 in error
[ERROR - 2017-10-28T00:23:49.877Z] Session [ff60e180-bb70-11e7-bf98-5dac7e219121] - page.onError - stack:
  hawkeye_insertAfter (http://hawkeye-data-production.sciencemag.org.s3-website-us-east-1.amazonaws.com/content-targeting-staging.js:232)
  hawkeye_insert_madgex_widget (http://hawkeye-data-production.sciencemag.org.s3-website-us-east-1.amazonaws.com/content-targeting-staging.js:254)

  phantomjs://platform/console++.js:263 in error
[INFO  - 2017-10-28T00:26:04.230Z] SessionManagerReqHand - _cleanupWindowlessSessions - Asynchronous Sessions clean-up phase starting NOW
[ERROR - 2017-10-28T00:26:36.937Z] Session [ff60e180-bb70-11e7-bf98-5dac7e219121] - page.onError - msg: ReferenceError: Can't find variable: ga

  phantomjs://platform/console++.js:263 in error
[ERROR - 2017-10-28T00:26:36.938Z] Session [ff60e180-bb70-11e7-bf98-5dac7e219121] - page.onError - stack:
  hawkeye_insert_madgex_widget (http://hawkeye-data-production.sciencemag.org.s3-website-us-east-1.amazonaws.com/content-targeting-staging.js:262)

  phantomjs://platform/console++.js:263 in error
[ERROR - 2017-10-28T00:27:33.269Z] Session [ff60e180-bb70-11e7-bf98-5dac7e219121] - page.onError - msg: ReferenceError: Can't find variable: ga

  phantomjs://platform/console++.js:263 in error
[ERROR - 2017-10-28T00:27:33.269Z] Session [ff60e180-bb70-11e7-bf98-5dac7e219121] - page.onError - stack:
  hawkeye_insert_madgex_widget (http://hawkeye-data-production.sciencemag.org.s3-website-us-east-1.amazonaws.com/content-targeting-staging.js:262)

  phantomjs://platform/console++.js:263 in error
[ERROR - 2017-10-28T00:29:21.895Z] Session [ff60e180-bb70-11e7-bf98-5dac7e219121] - page.onError - msg: ReferenceError: Can't find variable: ga

  phantomjs://platform/console++.js:263 in error
[ERROR - 2017-10-28T00:29:21.896Z] Session [ff60e180-bb70-11e7-bf98-5dac7e219121] - page.onError - stack:
  hawkeye_insert_madgex_widget (http://hawkeye-data-production.sciencemag.org.s3-website-us-east-1.amazonaws.com/content-targeting-staging.js:262)

  phantomjs://platform/console++.js:263 in error
[INFO  - 2017-10-28T00:31:04.232Z] SessionManagerReqHand - _cleanupWindowlessSessions - Asynchronous Sessions clean-up phase starting NOW
[ERROR - 2017-10-28T00:32:14.860Z] Session [ff60e180-bb70-11e7-bf98-5dac7e219121] - page.onError - msg: ReferenceError: Can't find variable: ga

  phantomjs://platform/console++.js:263 in error
[ERROR - 2017-10-28T00:32:14.861Z] Session [ff60e180-bb70-11e7-bf98-5dac7e219121] - page.onError - stack:
  hawkeye_insert_madgex_widget (http://hawkeye-data-production.sciencemag.org.s3-website-us-east-1.amazonaws.com/content-targeting-staging.js:262)

  phantomjs://platform/console++.js:263 in error
[ERROR - 2017-10-28T00:34:03.070Z] Session [ff60e180-bb70-11e7-bf98-5dac7e219121] - page.onError - msg: ReferenceError: Can't find variable: ga

  phantomjs://platform/console++.js:263 in error
[ERROR - 2017-10-28T00:34:03.071Z] Session [ff60e180-bb70-11e7-bf98-5dac7e219121] - page.onError - stack:
  hawkeye_insert_madgex_widget (http://hawkeye-data-production.sciencemag.org.s3-website-us-east-1.amazonaws.com/content-targeting-staging.js:262)

  phantomjs://platform/console++.js:263 in error
[ERROR - 2017-10-28T00:34:57.725Z] Session [ff60e180-bb70-11e7-bf98-5dac7e219121] - page.onError - msg: TypeError: null is not an object (evaluating 'referenceNode.parentNode')

  phantomjs://platform/console++.js:263 in error
[ERROR - 2017-10-28T00:34:57.725Z] Session [ff60e180-bb70-11e7-bf98-5dac7e219121] - page.onError - stack:
  hawkeye_insertAfter (http://hawkeye-data-production.sciencemag.org.s3-website-us-east-1.amazonaws.com/content-targeting-staging.js:232)
  hawkeye_insert_madgex_widget (http://hawkeye-data-production.sciencemag.org.s3-website-us-east-1.amazonaws.com/content-targeting-staging.js:254)

  phantomjs://platform/console++.js:263 in error
[INFO  - 2017-10-28T00:36:04.234Z] SessionManagerReqHand - _cleanupWindowlessSessions - Asynchronous Sessions clean-up phase starting NOW
[ERROR - 2017-10-28T00:37:44.277Z] Session [ff60e180-bb70-11e7-bf98-5dac7e219121] - page.onError - msg: ReferenceError: Can't find variable: ga

  phantomjs://platform/console++.js:263 in error
[ERROR - 2017-10-28T00:37:44.278Z] Session [ff60e180-bb70-11e7-bf98-5dac7e219121] - page.onError - stack:
  hawkeye_insert_madgex_widget (http://hawkeye-data-production.sciencemag.org.s3-website-us-east-1.amazonaws.com/content-targeting-staging.js:262)

  phantomjs://platform/console++.js:263 in error
[ERROR - 2017-10-28T00:38:04.724Z] Session [ff60e180-bb70-11e7-bf98-5dac7e219121] - page.onError - msg: TypeError: undefined is not an object (evaluating 'f.getContext')

  phantomjs://platform/console++.js:263 in error
[ERROR - 2017-10-28T00:38:04.724Z] Session [ff60e180-bb70-11e7-bf98-5dac7e219121] - page.onError - stack:
  _parseData (https://s0.2mdn.net/ads/studio/cached_libs/createjs_2015.11.26_54e1c3722102182bb133912ad4442e19_min.js:12)
  a (https://s0.2mdn.net/ads/studio/cached_libs/createjs_2015.11.26_54e1c3722102182bb133912ad4442e19_min.js:12)
  handleComplete (https://s0.2mdn.net/6977923/1507037178963/300x600%20ENG/EniAward_300x600.html:44)
  _dispatchEvent (https://s0.2mdn.net/ads/studio/cached_libs/createjs_2015.11.26_54e1c3722102182bb133912ad4442e19_min.js:12)
  dispatchEvent (https://s0.2mdn.net/ads/studio/cached_libs/createjs_2015.11.26_54e1c3722102182bb133912ad4442e19_min.js:12)
  _sendComplete (https://s0.2mdn.net/ads/studio/cached_libs/createjs_2015.11.26_54e1c3722102182bb133912ad4442e19_min.js:15)
  _loadNext (https://s0.2mdn.net/ads/studio/cached_libs/createjs_2015.11.26_54e1c3722102182bb133912ad4442e19_min.js:15)
  _handleError (https://s0.2mdn.net/ads/studio/cached_libs/createjs_2015.11.26_54e1c3722102182bb133912ad4442e19_min.js:15)
  (anonymous function) (https://s0.2mdn.net/ads/studio/cached_libs/createjs_2015.11.26_54e1c3722102182bb133912ad4442e19_min.js:12)
  _dispatchEvent (https://s0.2mdn.net/ads/studio/cached_libs/createjs_2015.11.26_54e1c3722102182bb133912ad4442e19_min.js:12)
  dispatchEvent (https://s0.2mdn.net/ads/studio/cached_libs/createjs_2015.11.26_54e1c3722102182bb133912ad4442e19_min.js:12)
  handleEvent (https://s0.2mdn.net/ads/studio/cached_libs/createjs_2015.11.26_54e1c3722102182bb133912ad4442e19_min.js:15)
  (anonymous function) (https://s0.2mdn.net/ads/studio/cached_libs/createjs_2015.11.26_54e1c3722102182bb133912ad4442e19_min.js:12)
  _dispatchEvent (https://s0.2mdn.net/ads/studio/cached_libs/createjs_2015.11.26_54e1c3722102182bb133912ad4442e19_min.js:12)
  dispatchEvent (https://s0.2mdn.net/ads/studio/cached_libs/createjs_2015.11.26_54e1c3722102182bb133912ad4442e19_min.js:12)
  _handleTimeout (https://s0.2mdn.net/ads/studio/cached_libs/createjs_2015.11.26_54e1c3722102182bb133912ad4442e19_min.js:15)
  (anonymous function) (https://s0.2mdn.net/ads/studio/cached_libs/createjs_2015.11.26_54e1c3722102182bb133912ad4442e19_min.js:16)

  phantomjs://platform/console++.js:263 in error
[ERROR - 2017-10-28T00:39:40.319Z] Session [ff60e180-bb70-11e7-bf98-5dac7e219121] - page.onError - msg: ReferenceError: Can't find variable: ga

  phantomjs://platform/console++.js:263 in error
[ERROR - 2017-10-28T00:39:40.319Z] Session [ff60e180-bb70-11e7-bf98-5dac7e219121] - page.onError - stack:
  hawkeye_insert_madgex_widget (http://hawkeye-data-production.sciencemag.org.s3-website-us-east-1.amazonaws.com/content-targeting-staging.js:262)

  phantomjs://platform/console++.js:263 in error
[INFO  - 2017-10-28T00:41:04.246Z] SessionManagerReqHand - _cleanupWindowlessSessions - Asynchronous Sessions clean-up phase starting NOW
[ERROR - 2017-10-28T00:41:29.530Z] Session [ff60e180-bb70-11e7-bf98-5dac7e219121] - page.onError - msg: ReferenceError: Can't find variable: ga

  phantomjs://platform/console++.js:263 in error
[ERROR - 2017-10-28T00:41:29.531Z] Session [ff60e180-bb70-11e7-bf98-5dac7e219121] - page.onError - stack:
  hawkeye_insert_madgex_widget (http://hawkeye-data-production.sciencemag.org.s3-website-us-east-1.amazonaws.com/content-targeting-staging.js:262)

  phantomjs://platform/console++.js:263 in error
[ERROR - 2017-10-28T00:45:10.243Z] Session [ff60e180-bb70-11e7-bf98-5dac7e219121] - page.onError - msg: ReferenceError: Can't find variable: ga

  phantomjs://platform/console++.js:263 in error
[ERROR - 2017-10-28T00:45:10.243Z] Session [ff60e180-bb70-11e7-bf98-5dac7e219121] - page.onError - stack:
  hawkeye_insert_madgex_widget (http://hawkeye-data-production.sciencemag.org.s3-website-us-east-1.amazonaws.com/content-targeting-staging.js:262)

  phantomjs://platform/console++.js:263 in error
[INFO  - 2017-10-28T00:46:04.246Z] SessionManagerReqHand - _cleanupWindowlessSessions - Asynchronous Sessions clean-up phase starting NOW
[ERROR - 2017-10-28T00:48:04.949Z] Session [ff60e180-bb70-11e7-bf98-5dac7e219121] - page.onError - msg: ReferenceError: Can't find variable: ga

  phantomjs://platform/console++.js:263 in error
[ERROR - 2017-10-28T00:48:04.950Z] Session [ff60e180-bb70-11e7-bf98-5dac7e219121] - page.onError - stack:
  hawkeye_insert_madgex_widget (http://hawkeye-data-production.sciencemag.org.s3-website-us-east-1.amazonaws.com/content-targeting-staging.js:262)

  phantomjs://platform/console++.js:263 in error
[ERROR - 2017-10-28T00:50:12.859Z] Session [ff60e180-bb70-11e7-bf98-5dac7e219121] - page.onError - msg: TypeError: undefined is not an object (evaluating 'f.getContext')

  phantomjs://platform/console++.js:263 in error
[ERROR - 2017-10-28T00:50:12.860Z] Session [ff60e180-bb70-11e7-bf98-5dac7e219121] - page.onError - stack:
  _parseData (https://s0.2mdn.net/ads/studio/cached_libs/createjs_2015.11.26_54e1c3722102182bb133912ad4442e19_min.js:12)
  a (https://s0.2mdn.net/ads/studio/cached_libs/createjs_2015.11.26_54e1c3722102182bb133912ad4442e19_min.js:12)
  handleComplete (https://s0.2mdn.net/6977923/1507037178963/300x600%20ENG/EniAward_300x600.html:44)
  _dispatchEvent (https://s0.2mdn.net/ads/studio/cached_libs/createjs_2015.11.26_54e1c3722102182bb133912ad4442e19_min.js:12)
  dispatchEvent (https://s0.2mdn.net/ads/studio/cached_libs/createjs_2015.11.26_54e1c3722102182bb133912ad4442e19_min.js:12)
  _sendComplete (https://s0.2mdn.net/ads/studio/cached_libs/createjs_2015.11.26_54e1c3722102182bb133912ad4442e19_min.js:15)
  _loadNext (https://s0.2mdn.net/ads/studio/cached_libs/createjs_2015.11.26_54e1c3722102182bb133912ad4442e19_min.js:15)
  _handleError (https://s0.2mdn.net/ads/studio/cached_libs/createjs_2015.11.26_54e1c3722102182bb133912ad4442e19_min.js:15)
  (anonymous function) (https://s0.2mdn.net/ads/studio/cached_libs/createjs_2015.11.26_54e1c3722102182bb133912ad4442e19_min.js:12)
  _dispatchEvent (https://s0.2mdn.net/ads/studio/cached_libs/createjs_2015.11.26_54e1c3722102182bb133912ad4442e19_min.js:12)
  dispatchEvent (https://s0.2mdn.net/ads/studio/cached_libs/createjs_2015.11.26_54e1c3722102182bb133912ad4442e19_min.js:12)
  handleEvent (https://s0.2mdn.net/ads/studio/cached_libs/createjs_2015.11.26_54e1c3722102182bb133912ad4442e19_min.js:15)
  (anonymous function) (https://s0.2mdn.net/ads/studio/cached_libs/createjs_2015.11.26_54e1c3722102182bb133912ad4442e19_min.js:12)
  _dispatchEvent (https://s0.2mdn.net/ads/studio/cached_libs/createjs_2015.11.26_54e1c3722102182bb133912ad4442e19_min.js:12)
  dispatchEvent (https://s0.2mdn.net/ads/studio/cached_libs/createjs_2015.11.26_54e1c3722102182bb133912ad4442e19_min.js:12)
  _handleTimeout (https://s0.2mdn.net/ads/studio/cached_libs/createjs_2015.11.26_54e1c3722102182bb133912ad4442e19_min.js:15)
  (anonymous function) (https://s0.2mdn.net/ads/studio/cached_libs/createjs_2015.11.26_54e1c3722102182bb133912ad4442e19_min.js:16)

  phantomjs://platform/console++.js:263 in error
[INFO  - 2017-10-28T00:51:04.250Z] SessionManagerReqHand - _cleanupWindowlessSessions - Asynchronous Sessions clean-up phase starting NOW
[ERROR - 2017-10-28T00:51:42.271Z] Session [ff60e180-bb70-11e7-bf98-5dac7e219121] - page.onError - msg: ReferenceError: Can't find variable: ga

  phantomjs://platform/console++.js:263 in error
[ERROR - 2017-10-28T00:51:42.271Z] Session [ff60e180-bb70-11e7-bf98-5dac7e219121] - page.onError - stack:
  hawkeye_insert_madgex_widget (http://hawkeye-data-production.sciencemag.org.s3-website-us-east-1.amazonaws.com/content-targeting-staging.js:262)

  phantomjs://platform/console++.js:263 in error
[ERROR - 2017-10-28T00:54:30.126Z] Session [ff60e180-bb70-11e7-bf98-5dac7e219121] - page.onError - msg: ReferenceError: Can't find variable: ga

  phantomjs://platform/console++.js:263 in error
[ERROR - 2017-10-28T00:54:30.126Z] Session [ff60e180-bb70-11e7-bf98-5dac7e219121] - page.onError - stack:
  hawkeye_insert_madgex_widget (http://hawkeye-data-production.sciencemag.org.s3-website-us-east-1.amazonaws.com/content-targeting-staging.js:262)

  phantomjs://platform/console++.js:263 in error
[INFO  - 2017-10-28T00:56:04.264Z] SessionManagerReqHand - _cleanupWindowlessSessions - Asynchronous Sessions clean-up phase starting NOW
[ERROR - 2017-10-28T01:00:57.669Z] Session [ff60e180-bb70-11e7-bf98-5dac7e219121] - page.onError - msg: ReferenceError: Can't find variable: ga

  phantomjs://platform/console++.js:263 in error
[ERROR - 2017-10-28T01:00:57.669Z] Session [ff60e180-bb70-11e7-bf98-5dac7e219121] - page.onError - stack:
  hawkeye_insert_madgex_widget (http://hawkeye-data-production.sciencemag.org.s3-website-us-east-1.amazonaws.com/content-targeting-staging.js:262)

  phantomjs://platform/console++.js:263 in error
[INFO  - 2017-10-28T01:01:04.274Z] SessionManagerReqHand - _cleanupWindowlessSessions - Asynchronous Sessions clean-up phase starting NOW
[ERROR - 2017-10-28T01:01:54.508Z] Session [ff60e180-bb70-11e7-bf98-5dac7e219121] - page.onError - msg: ReferenceError: Can't find variable: ga

  phantomjs://platform/console++.js:263 in error
[ERROR - 2017-10-28T01:01:54.509Z] Session [ff60e180-bb70-11e7-bf98-5dac7e219121] - page.onError - stack:
  hawkeye_insert_madgex_widget (http://hawkeye-data-production.sciencemag.org.s3-website-us-east-1.amazonaws.com/content-targeting-staging.js:262)

  phantomjs://platform/console++.js:263 in error
[ERROR - 2017-10-28T01:03:44.505Z] Session [ff60e180-bb70-11e7-bf98-5dac7e219121] - page.onError - msg: ReferenceError: Can't find variable: ga

  phantomjs://platform/console++.js:263 in error
[ERROR - 2017-10-28T01:03:44.505Z] Session [ff60e180-bb70-11e7-bf98-5dac7e219121] - page.onError - stack:
  hawkeye_insert_madgex_widget (http://hawkeye-data-production.sciencemag.org.s3-website-us-east-1.amazonaws.com/content-targeting-staging.js:262)

  phantomjs://platform/console++.js:263 in error
[ERROR - 2017-10-28T01:04:40.394Z] Session [ff60e180-bb70-11e7-bf98-5dac7e219121] - page.onError - msg: ReferenceError: Can't find variable: ga

  phantomjs://platform/console++.js:263 in error
[ERROR - 2017-10-28T01:04:40.395Z] Session [ff60e180-bb70-11e7-bf98-5dac7e219121] - page.onError - stack:
  hawkeye_insert_madgex_widget (http://hawkeye-data-production.sciencemag.org.s3-website-us-east-1.amazonaws.com/content-targeting-staging.js:262)

  phantomjs://platform/console++.js:263 in error
[ERROR - 2017-10-28T01:05:34.308Z] Session [ff60e180-bb70-11e7-bf98-5dac7e219121] - page.onError - msg: ReferenceError: Can't find variable: ga

  phantomjs://platform/console++.js:263 in error
[ERROR - 2017-10-28T01:05:34.308Z] Session [ff60e180-bb70-11e7-bf98-5dac7e219121] - page.onError - stack:
  hawkeye_insert_madgex_widget (http://hawkeye-data-production.sciencemag.org.s3-website-us-east-1.amazonaws.com/content-targeting-staging.js:262)

  phantomjs://platform/console++.js:263 in error
[INFO  - 2017-10-28T01:06:04.275Z] SessionManagerReqHand - _cleanupWindowlessSessions - Asynchronous Sessions clean-up phase starting NOW
[ERROR - 2017-10-28T01:06:32.853Z] Session [ff60e180-bb70-11e7-bf98-5dac7e219121] - page.onError - msg: ReferenceError: Can't find variable: ga

  phantomjs://platform/console++.js:263 in error
[ERROR - 2017-10-28T01:06:32.853Z] Session [ff60e180-bb70-11e7-bf98-5dac7e219121] - page.onError - stack:
  hawkeye_insert_madgex_widget (http://hawkeye-data-production.sciencemag.org.s3-website-us-east-1.amazonaws.com/content-targeting-staging.js:262)

  phantomjs://platform/console++.js:263 in error
[ERROR - 2017-10-28T01:06:53.535Z] Session [ff60e180-bb70-11e7-bf98-5dac7e219121] - page.onError - msg: TypeError: undefined is not an object (evaluating 'f.getContext')

  phantomjs://platform/console++.js:263 in error
[ERROR - 2017-10-28T01:06:53.536Z] Session [ff60e180-bb70-11e7-bf98-5dac7e219121] - page.onError - stack:
  _parseData (https://s0.2mdn.net/ads/studio/cached_libs/createjs_2015.11.26_54e1c3722102182bb133912ad4442e19_min.js:12)
  a (https://s0.2mdn.net/ads/studio/cached_libs/createjs_2015.11.26_54e1c3722102182bb133912ad4442e19_min.js:12)
  handleComplete (https://s0.2mdn.net/6977923/1507037178963/300x600%20ENG/EniAward_300x600.html:44)
  _dispatchEvent (https://s0.2mdn.net/ads/studio/cached_libs/createjs_2015.11.26_54e1c3722102182bb133912ad4442e19_min.js:12)
  dispatchEvent (https://s0.2mdn.net/ads/studio/cached_libs/createjs_2015.11.26_54e1c3722102182bb133912ad4442e19_min.js:12)
  _sendComplete (https://s0.2mdn.net/ads/studio/cached_libs/createjs_2015.11.26_54e1c3722102182bb133912ad4442e19_min.js:15)
  _loadNext (https://s0.2mdn.net/ads/studio/cached_libs/createjs_2015.11.26_54e1c3722102182bb133912ad4442e19_min.js:15)
  _handleError (https://s0.2mdn.net/ads/studio/cached_libs/createjs_2015.11.26_54e1c3722102182bb133912ad4442e19_min.js:15)
  (anonymous function) (https://s0.2mdn.net/ads/studio/cached_libs/createjs_2015.11.26_54e1c3722102182bb133912ad4442e19_min.js:12)
  _dispatchEvent (https://s0.2mdn.net/ads/studio/cached_libs/createjs_2015.11.26_54e1c3722102182bb133912ad4442e19_min.js:12)
  dispatchEvent (https://s0.2mdn.net/ads/studio/cached_libs/createjs_2015.11.26_54e1c3722102182bb133912ad4442e19_min.js:12)
  handleEvent (https://s0.2mdn.net/ads/studio/cached_libs/createjs_2015.11.26_54e1c3722102182bb133912ad4442e19_min.js:15)
  (anonymous function) (https://s0.2mdn.net/ads/studio/cached_libs/createjs_2015.11.26_54e1c3722102182bb133912ad4442e19_min.js:12)
  _dispatchEvent (https://s0.2mdn.net/ads/studio/cached_libs/createjs_2015.11.26_54e1c3722102182bb133912ad4442e19_min.js:12)
  dispatchEvent (https://s0.2mdn.net/ads/studio/cached_libs/createjs_2015.11.26_54e1c3722102182bb133912ad4442e19_min.js:12)
  _handleTimeout (https://s0.2mdn.net/ads/studio/cached_libs/createjs_2015.11.26_54e1c3722102182bb133912ad4442e19_min.js:15)
  (anonymous function) (https://s0.2mdn.net/ads/studio/cached_libs/createjs_2015.11.26_54e1c3722102182bb133912ad4442e19_min.js:16)

  phantomjs://platform/console++.js:263 in error
[ERROR - 2017-10-28T01:08:21.096Z] Session [ff60e180-bb70-11e7-bf98-5dac7e219121] - page.onError - msg: ReferenceError: Can't find variable: ga

  phantomjs://platform/console++.js:263 in error
[ERROR - 2017-10-28T01:08:21.097Z] Session [ff60e180-bb70-11e7-bf98-5dac7e219121] - page.onError - stack:
  hawkeye_insert_madgex_widget (http://hawkeye-data-production.sciencemag.org.s3-website-us-east-1.amazonaws.com/content-targeting-staging.js:262)

  phantomjs://platform/console++.js:263 in error
[ERROR - 2017-10-28T01:11:04.078Z] Session [ff60e180-bb70-11e7-bf98-5dac7e219121] - page.onError - msg: ReferenceError: Can't find variable: ga

  phantomjs://platform/console++.js:263 in error
[ERROR - 2017-10-28T01:11:04.079Z] Session [ff60e180-bb70-11e7-bf98-5dac7e219121] - page.onError - stack:
  hawkeye_insert_madgex_widget (http://hawkeye-data-production.sciencemag.org.s3-website-us-east-1.amazonaws.com/content-targeting-staging.js:262)

  phantomjs://platform/console++.js:263 in error
[INFO  - 2017-10-28T01:11:04.291Z] SessionManagerReqHand - _cleanupWindowlessSessions - Asynchronous Sessions clean-up phase starting NOW
[INFO  - 2017-10-28T01:16:04.312Z] SessionManagerReqHand - _cleanupWindowlessSessions - Asynchronous Sessions clean-up phase starting NOW
[ERROR - 2017-10-28T01:18:24.636Z] Session [ff60e180-bb70-11e7-bf98-5dac7e219121] - page.onError - msg: ReferenceError: Can't find variable: ga

  phantomjs://platform/console++.js:263 in error
[ERROR - 2017-10-28T01:18:24.636Z] Session [ff60e180-bb70-11e7-bf98-5dac7e219121] - page.onError - stack:
  hawkeye_insert_madgex_widget (http://hawkeye-data-production.sciencemag.org.s3-website-us-east-1.amazonaws.com/content-targeting-staging.js:262)

  phantomjs://platform/console++.js:263 in error
[INFO  - 2017-10-28T01:21:04.749Z] SessionManagerReqHand - _cleanupWindowlessSessions - Asynchronous Sessions clean-up phase starting NOW
[ERROR - 2017-10-28T01:24:49.834Z] Session [ff60e180-bb70-11e7-bf98-5dac7e219121] - page.onError - msg: ReferenceError: Can't find variable: ga

  phantomjs://platform/console++.js:263 in error
[ERROR - 2017-10-28T01:24:49.834Z] Session [ff60e180-bb70-11e7-bf98-5dac7e219121] - page.onError - stack:
  hawkeye_insert_madgex_widget (http://hawkeye-data-production.sciencemag.org.s3-website-us-east-1.amazonaws.com/content-targeting-staging.js:262)

  phantomjs://platform/console++.js:263 in error
[INFO  - 2017-10-28T01:26:04.751Z] SessionManagerReqHand - _cleanupWindowlessSessions - Asynchronous Sessions clean-up phase starting NOW
[INFO  - 2017-10-28T01:31:04.764Z] SessionManagerReqHand - _cleanupWindowlessSessions - Asynchronous Sessions clean-up phase starting NOW
[INFO  - 2017-10-28T01:36:04.770Z] SessionManagerReqHand - _cleanupWindowlessSessions - Asynchronous Sessions clean-up phase starting NOW
[INFO  - 2017-10-28T01:41:04.770Z] SessionManagerReqHand - _cleanupWindowlessSessions - Asynchronous Sessions clean-up phase starting NOW
[INFO  - 2017-10-28T01:46:04.773Z] SessionManagerReqHand - _cleanupWindowlessSessions - Asynchronous Sessions clean-up phase starting NOW
[INFO  - 2017-10-28T01:51:04.774Z] SessionManagerReqHand - _cleanupWindowlessSessions - Asynchronous Sessions clean-up phase starting NOW
[INFO  - 2017-10-28T01:56:04.778Z] SessionManagerReqHand - _cleanupWindowlessSessions - Asynchronous Sessions clean-up phase starting NOW
[INFO  - 2017-10-28T02:01:04.792Z] SessionManagerReqHand - _cleanupWindowlessSessions - Asynchronous Sessions clean-up phase starting NOW
[INFO  - 2017-10-28T02:06:04.792Z] SessionManagerReqHand - _cleanupWindowlessSessions - Asynchronous Sessions clean-up phase starting NOW
[ERROR - 2017-10-28T02:07:30.241Z] Session [ff60e180-bb70-11e7-bf98-5dac7e219121] - page.onError - msg: ReferenceError: Can't find variable: AdBlockEnabled

  phantomjs://platform/console++.js:263 in error
[ERROR - 2017-10-28T02:07:30.242Z] Session [ff60e180-bb70-11e7-bf98-5dac7e219121] - page.onError - stack:
  (anonymous function) (http://assets.adobedtm.com/926659a1689cc9fca96760b67cca714ae48f0584/satelliteLib-a9d46808a35b7b8034adfab1d8207407222304d5.js:12)
  (anonymous function) (http://assets.adobedtm.com/926659a1689cc9fca96760b67cca714ae48f0584/satelliteLib-a9d46808a35b7b8034adfab1d8207407222304d5.js:11)
  (anonymous function) (http://assets.adobedtm.com/926659a1689cc9fca96760b67cca714ae48f0584/satelliteLib-a9d46808a35b7b8034adfab1d8207407222304d5.js:11)
  each (http://assets.adobedtm.com/926659a1689cc9fca96760b67cca714ae48f0584/satelliteLib-a9d46808a35b7b8034adfab1d8207407222304d5.js:10)
  executeCustomSetupFuns (http://assets.adobedtm.com/926659a1689cc9fca96760b67cca714ae48f0584/satelliteLib-a9d46808a35b7b8034adfab1d8207407222304d5.js:11)
  sendBeacon (http://assets.adobedtm.com/926659a1689cc9fca96760b67cca714ae48f0584/satelliteLib-a9d46808a35b7b8034adfab1d8207407222304d5.js:11)
  onSCodeLoaded (http://assets.adobedtm.com/926659a1689cc9fca96760b67cca714ae48f0584/satelliteLib-a9d46808a35b7b8034adfab1d8207407222304d5.js:11)
  (anonymous function) (http://assets.adobedtm.com/926659a1689cc9fca96760b67cca714ae48f0584/satelliteLib-a9d46808a35b7b8034adfab1d8207407222304d5.js:10)
  i (http://assets.adobedtm.com/926659a1689cc9fca96760b67cca714ae48f0584/satelliteLib-a9d46808a35b7b8034adfab1d8207407222304d5.js:10)
  onload (http://assets.adobedtm.com/926659a1689cc9fca96760b67cca714ae48f0584/satelliteLib-a9d46808a35b7b8034adfab1d8207407222304d5.js:10)

  phantomjs://platform/console++.js:263 in error
[INFO  - 2017-10-28T02:11:04.792Z] SessionManagerReqHand - _cleanupWindowlessSessions - Asynchronous Sessions clean-up phase starting NOW
[INFO  - 2017-10-28T02:16:04.795Z] SessionManagerReqHand - _cleanupWindowlessSessions - Asynchronous Sessions clean-up phase starting NOW
[INFO  - 2017-10-28T02:21:04.807Z] SessionManagerReqHand - _cleanupWindowlessSessions - Asynchronous Sessions clean-up phase starting NOW
[INFO  - 2017-10-28T02:26:04.822Z] SessionManagerReqHand - _cleanupWindowlessSessions - Asynchronous Sessions clean-up phase starting NOW
[INFO  - 2017-10-28T02:31:04.837Z] SessionManagerReqHand - _cleanupWindowlessSessions - Asynchronous Sessions clean-up phase starting NOW
[INFO  - 2017-10-28T02:36:04.837Z] SessionManagerReqHand - _cleanupWindowlessSessions - Asynchronous Sessions clean-up phase starting NOW
[INFO  - 2017-10-28T02:41:04.861Z] SessionManagerReqHand - _cleanupWindowlessSessions - Asynchronous Sessions clean-up phase starting NOW
[INFO  - 2017-10-28T02:46:04.861Z] SessionManagerReqHand - _cleanupWindowlessSessions - Asynchronous Sessions clean-up phase starting NOW
[INFO  - 2017-10-28T02:51:04.865Z] SessionManagerReqHand - _cleanupWindowlessSessions - Asynchronous Sessions clean-up phase starting NOW
[INFO  - 2017-10-28T02:56:04.865Z] SessionManagerReqHand - _cleanupWindowlessSessions - Asynchronous Sessions clean-up phase starting NOW
[INFO  - 2017-10-28T03:01:04.865Z] SessionManagerReqHand - _cleanupWindowlessSessions - Asynchronous Sessions clean-up phase starting NOW
[INFO  - 2017-10-28T03:06:04.866Z] SessionManagerReqHand - _cleanupWindowlessSessions - Asynchronous Sessions clean-up phase starting NOW
[INFO  - 2017-10-28T03:11:04.874Z] SessionManagerReqHand - _cleanupWindowlessSessions - Asynchronous Sessions clean-up phase starting NOW
[INFO  - 2017-10-28T03:16:04.883Z] SessionManagerReqHand - _cleanupWindowlessSessions - Asynchronous Sessions clean-up phase starting NOW
[INFO  - 2017-10-28T03:21:04.894Z] SessionManagerReqHand - _cleanupWindowlessSessions - Asynchronous Sessions clean-up phase starting NOW
[INFO  - 2017-10-28T03:26:04.898Z] SessionManagerReqHand - _cleanupWindowlessSessions - Asynchronous Sessions clean-up phase starting NOW
[INFO  - 2017-10-28T03:31:04.898Z] SessionManagerReqHand - _cleanupWindowlessSessions - Asynchronous Sessions clean-up phase starting NOW
[INFO  - 2017-10-28T03:36:04.904Z] SessionManagerReqHand - _cleanupWindowlessSessions - Asynchronous Sessions clean-up phase starting NOW
[INFO  - 2017-10-28T03:41:04.918Z] SessionManagerReqHand - _cleanupWindowlessSessions - Asynchronous Sessions clean-up phase starting NOW
[INFO  - 2017-10-28T03:46:04.938Z] SessionManagerReqHand - _cleanupWindowlessSessions - Asynchronous Sessions clean-up phase starting NOW
[INFO  - 2017-10-28T03:51:04.941Z] SessionManagerReqHand - _cleanupWindowlessSessions - Asynchronous Sessions clean-up phase starting NOW
[INFO  - 2017-10-28T03:56:04.949Z] SessionManagerReqHand - _cleanupWindowlessSessions - Asynchronous Sessions clean-up phase starting NOW
[INFO  - 2017-10-28T04:01:04.951Z] SessionManagerReqHand - _cleanupWindowlessSessions - Asynchronous Sessions clean-up phase starting NOW
[INFO  - 2017-10-28T04:06:04.956Z] SessionManagerReqHand - _cleanupWindowlessSessions - Asynchronous Sessions clean-up phase starting NOW
[INFO  - 2017-10-28T04:11:04.973Z] SessionManagerReqHand - _cleanupWindowlessSessions - Asynchronous Sessions clean-up phase starting NOW
[INFO  - 2017-10-28T04:16:04.973Z] SessionManagerReqHand - _cleanupWindowlessSessions - Asynchronous Sessions clean-up phase starting NOW
[INFO  - 2017-10-28T04:21:04.990Z] SessionManagerReqHand - _cleanupWindowlessSessions - Asynchronous Sessions clean-up phase starting NOW
[INFO  - 2017-10-28T04:26:04.993Z] SessionManagerReqHand - _cleanupWindowlessSessions - Asynchronous Sessions clean-up phase starting NOW
[INFO  - 2017-10-28T04:31:04.993Z] SessionManagerReqHand - _cleanupWindowlessSessions - Asynchronous Sessions clean-up phase starting NOW
[INFO  - 2017-10-28T04:36:04.993Z] SessionManagerReqHand - _cleanupWindowlessSessions - Asynchronous Sessions clean-up phase starting NOW
[INFO  - 2017-10-28T04:41:04.993Z] SessionManagerReqHand - _cleanupWindowlessSessions - Asynchronous Sessions clean-up phase starting NOW
[INFO  - 2017-10-28T04:46:04.993Z] SessionManagerReqHand - _cleanupWindowlessSessions - Asynchronous Sessions clean-up phase starting NOW
[INFO  - 2017-10-28T04:51:05.002Z] SessionManagerReqHand - _cleanupWindowlessSessions - Asynchronous Sessions clean-up phase starting NOW
[INFO  - 2017-10-28T04:56:05.003Z] SessionManagerReqHand - _cleanupWindowlessSessions - Asynchronous Sessions clean-up phase starting NOW
[INFO  - 2017-10-28T05:01:05.008Z] SessionManagerReqHand - _cleanupWindowlessSessions - Asynchronous Sessions clean-up phase starting NOW
[INFO  - 2017-10-28T05:06:05.015Z] SessionManagerReqHand - _cleanupWindowlessSessions - Asynchronous Sessions clean-up phase starting NOW
[INFO  - 2017-10-28T05:11:05.018Z] SessionManagerReqHand - _cleanupWindowlessSessions - Asynchronous Sessions clean-up phase starting NOW
[INFO  - 2017-10-28T05:16:05.026Z] SessionManagerReqHand - _cleanupWindowlessSessions - Asynchronous Sessions clean-up phase starting NOW
[INFO  - 2017-10-28T05:21:05.026Z] SessionManagerReqHand - _cleanupWindowlessSessions - Asynchronous Sessions clean-up phase starting NOW
[INFO  - 2017-10-28T05:26:05.026Z] SessionManagerReqHand - _cleanupWindowlessSessions - Asynchronous Sessions clean-up phase starting NOW
[INFO  - 2017-10-28T05:31:05.026Z] SessionManagerReqHand - _cleanupWindowlessSessions - Asynchronous Sessions clean-up phase starting NOW
[INFO  - 2017-10-28T05:36:05.032Z] SessionManagerReqHand - _cleanupWindowlessSessions - Asynchronous Sessions clean-up phase starting NOW
[INFO  - 2017-10-28T05:41:05.034Z] SessionManagerReqHand - _cleanupWindowlessSessions - Asynchronous Sessions clean-up phase starting NOW
[INFO  - 2017-10-28T05:46:05.034Z] SessionManagerReqHand - _cleanupWindowlessSessions - Asynchronous Sessions clean-up phase starting NOW
[INFO  - 2017-10-28T05:51:05.055Z] SessionManagerReqHand - _cleanupWindowlessSessions - Asynchronous Sessions clean-up phase starting NOW
[INFO  - 2017-10-28T05:56:05.076Z] SessionManagerReqHand - _cleanupWindowlessSessions - Asynchronous Sessions clean-up phase starting NOW
[INFO  - 2017-10-28T06:01:05.083Z] SessionManagerReqHand - _cleanupWindowlessSessions - Asynchronous Sessions clean-up phase starting NOW
[INFO  - 2017-10-28T06:06:05.102Z] SessionManagerReqHand - _cleanupWindowlessSessions - Asynchronous Sessions clean-up phase starting NOW
[INFO  - 2017-10-28T06:11:05.102Z] SessionManagerReqHand - _cleanupWindowlessSessions - Asynchronous Sessions clean-up phase starting NOW
[INFO  - 2017-10-28T06:16:05.103Z] SessionManagerReqHand - _cleanupWindowlessSessions - Asynchronous Sessions clean-up phase starting NOW
[INFO  - 2017-10-28T06:21:05.103Z] SessionManagerReqHand - _cleanupWindowlessSessions - Asynchronous Sessions clean-up phase starting NOW
[INFO  - 2017-10-28T06:26:05.118Z] SessionManagerReqHand - _cleanupWindowlessSessions - Asynchronous Sessions clean-up phase starting NOW
[INFO  - 2017-10-28T06:31:05.118Z] SessionManagerReqHand - _cleanupWindowlessSessions - Asynchronous Sessions clean-up phase starting NOW
[INFO  - 2017-10-28T06:36:05.118Z] SessionManagerReqHand - _cleanupWindowlessSessions - Asynchronous Sessions clean-up phase starting NOW
[INFO  - 2017-10-28T06:41:05.146Z] SessionManagerReqHand - _cleanupWindowlessSessions - Asynchronous Sessions clean-up phase starting NOW
[INFO  - 2017-10-28T06:46:05.154Z] SessionManagerReqHand - _cleanupWindowlessSessions - Asynchronous Sessions clean-up phase starting NOW
[INFO  - 2017-10-28T06:51:05.167Z] SessionManagerReqHand - _cleanupWindowlessSessions - Asynchronous Sessions clean-up phase starting NOW
[INFO  - 2017-10-28T06:56:05.192Z] SessionManagerReqHand - _cleanupWindowlessSessions - Asynchronous Sessions clean-up phase starting NOW
[INFO  - 2017-10-28T07:01:05.200Z] SessionManagerReqHand - _cleanupWindowlessSessions - Asynchronous Sessions clean-up phase starting NOW
[INFO  - 2017-10-28T07:06:05.201Z] SessionManagerReqHand - _cleanupWindowlessSessions - Asynchronous Sessions clean-up phase starting NOW
[INFO  - 2017-10-28T07:11:05.202Z] SessionManagerReqHand - _cleanupWindowlessSessions - Asynchronous Sessions clean-up phase starting NOW
[INFO  - 2017-10-28T07:16:05.220Z] SessionManagerReqHand - _cleanupWindowlessSessions - Asynchronous Sessions clean-up phase starting NOW
[INFO  - 2017-10-28T07:21:05.220Z] SessionManagerReqHand - _cleanupWindowlessSessions - Asynchronous Sessions clean-up phase starting NOW
[INFO  - 2017-10-28T07:26:05.225Z] SessionManagerReqHand - _cleanupWindowlessSessions - Asynchronous Sessions clean-up phase starting NOW
[INFO  - 2017-10-28T07:31:05.226Z] SessionManagerReqHand - _cleanupWindowlessSessions - Asynchronous Sessions clean-up phase starting NOW
[INFO  - 2017-10-28T07:36:05.231Z] SessionManagerReqHand - _cleanupWindowlessSessions - Asynchronous Sessions clean-up phase starting NOW
[INFO  - 2017-10-28T07:41:05.244Z] SessionManagerReqHand - _cleanupWindowlessSessions - Asynchronous Sessions clean-up phase starting NOW
[INFO  - 2017-10-28T07:46:05.244Z] SessionManagerReqHand - _cleanupWindowlessSessions - Asynchronous Sessions clean-up phase starting NOW
[INFO  - 2017-10-28T07:51:05.244Z] SessionManagerReqHand - _cleanupWindowlessSessions - Asynchronous Sessions clean-up phase starting NOW
[INFO  - 2017-10-28T07:56:05.244Z] SessionManagerReqHand - _cleanupWindowlessSessions - Asynchronous Sessions clean-up phase starting NOW
[INFO  - 2017-10-28T08:01:05.264Z] SessionManagerReqHand - _cleanupWindowlessSessions - Asynchronous Sessions clean-up phase starting NOW
[INFO  - 2017-10-28T08:06:05.279Z] SessionManagerReqHand - _cleanupWindowlessSessions - Asynchronous Sessions clean-up phase starting NOW
[INFO  - 2017-10-28T08:11:05.280Z] SessionManagerReqHand - _cleanupWindowlessSessions - Asynchronous Sessions clean-up phase starting NOW
[INFO  - 2017-10-28T08:16:05.291Z] SessionManagerReqHand - _cleanupWindowlessSessions - Asynchronous Sessions clean-up phase starting NOW
[INFO  - 2017-10-28T08:21:05.301Z] SessionManagerReqHand - _cleanupWindowlessSessions - Asynchronous Sessions clean-up phase starting NOW
[INFO  - 2017-10-28T08:26:05.301Z] SessionManagerReqHand - _cleanupWindowlessSessions - Asynchronous Sessions clean-up phase starting NOW
[INFO  - 2017-10-28T08:31:05.302Z] SessionManagerReqHand - _cleanupWindowlessSessions - Asynchronous Sessions clean-up phase starting NOW
[INFO  - 2017-10-28T08:36:05.302Z] SessionManagerReqHand - _cleanupWindowlessSessions - Asynchronous Sessions clean-up phase starting NOW
[INFO  - 2017-10-28T08:41:05.306Z] SessionManagerReqHand - _cleanupWindowlessSessions - Asynchronous Sessions clean-up phase starting NOW
[INFO  - 2017-10-28T08:46:05.306Z] SessionManagerReqHand - _cleanupWindowlessSessions - Asynchronous Sessions clean-up phase starting NOW
[INFO  - 2017-10-28T08:51:05.320Z] SessionManagerReqHand - _cleanupWindowlessSessions - Asynchronous Sessions clean-up phase starting NOW
[INFO  - 2017-10-28T08:56:05.324Z] SessionManagerReqHand - _cleanupWindowlessSessions - Asynchronous Sessions clean-up phase starting NOW
[INFO  - 2017-10-28T09:01:05.327Z] SessionManagerReqHand - _cleanupWindowlessSessions - Asynchronous Sessions clean-up phase starting NOW
[INFO  - 2017-10-28T09:06:05.340Z] SessionManagerReqHand - _cleanupWindowlessSessions - Asynchronous Sessions clean-up phase starting NOW
[INFO  - 2017-10-28T09:11:05.349Z] SessionManagerReqHand - _cleanupWindowlessSessions - Asynchronous Sessions clean-up phase starting NOW
[INFO  - 2017-10-28T09:16:05.350Z] SessionManagerReqHand - _cleanupWindowlessSessions - Asynchronous Sessions clean-up phase starting NOW
[INFO  - 2017-10-28T09:21:05.350Z] SessionManagerReqHand - _cleanupWindowlessSessions - Asynchronous Sessions clean-up phase starting NOW
[INFO  - 2017-10-28T09:26:05.350Z] SessionManagerReqHand - _cleanupWindowlessSessions - Asynchronous Sessions clean-up phase starting NOW
[INFO  - 2017-10-28T09:31:05.350Z] SessionManagerReqHand - _cleanupWindowlessSessions - Asynchronous Sessions clean-up phase starting NOW
[INFO  - 2017-10-28T09:36:05.350Z] SessionManagerReqHand - _cleanupWindowlessSessions - Asynchronous Sessions clean-up phase starting NOW
[INFO  - 2017-10-28T09:41:05.355Z] SessionManagerReqHand - _cleanupWindowlessSessions - Asynchronous Sessions clean-up phase starting NOW
[INFO  - 2017-10-28T09:46:05.367Z] SessionManagerReqHand - _cleanupWindowlessSessions - Asynchronous Sessions clean-up phase starting NOW
[INFO  - 2017-10-28T09:51:05.367Z] SessionManagerReqHand - _cleanupWindowlessSessions - Asynchronous Sessions clean-up phase starting NOW
[INFO  - 2017-10-28T09:56:05.367Z] SessionManagerReqHand - _cleanupWindowlessSessions - Asynchronous Sessions clean-up phase starting NOW
[INFO  - 2017-10-28T10:01:05.371Z] SessionManagerReqHand - _cleanupWindowlessSessions - Asynchronous Sessions clean-up phase starting NOW
[INFO  - 2017-10-28T10:06:05.376Z] SessionManagerReqHand - _cleanupWindowlessSessions - Asynchronous Sessions clean-up phase starting NOW
[INFO  - 2017-10-28T10:11:05.385Z] SessionManagerReqHand - _cleanupWindowlessSessions - Asynchronous Sessions clean-up phase starting NOW
[INFO  - 2017-10-28T10:16:05.393Z] SessionManagerReqHand - _cleanupWindowlessSessions - Asynchronous Sessions clean-up phase starting NOW
[INFO  - 2017-10-28T10:21:05.397Z] SessionManagerReqHand - _cleanupWindowlessSessions - Asynchronous Sessions clean-up phase starting NOW
[INFO  - 2017-10-28T10:26:05.397Z] SessionManagerReqHand - _cleanupWindowlessSessions - Asynchronous Sessions clean-up phase starting NOW
[INFO  - 2017-10-28T10:31:05.416Z] SessionManagerReqHand - _cleanupWindowlessSessions - Asynchronous Sessions clean-up phase starting NOW
[INFO  - 2017-10-28T10:36:05.424Z] SessionManagerReqHand - _cleanupWindowlessSessions - Asynchronous Sessions clean-up phase starting NOW
[INFO  - 2017-10-28T10:41:05.431Z] SessionManagerReqHand - _cleanupWindowlessSessions - Asynchronous Sessions clean-up phase starting NOW
[INFO  - 2017-10-28T10:46:05.453Z] SessionManagerReqHand - _cleanupWindowlessSessions - Asynchronous Sessions clean-up phase starting NOW
[INFO  - 2017-10-28T10:51:05.463Z] SessionManagerReqHand - _cleanupWindowlessSessions - Asynchronous Sessions clean-up phase starting NOW
[INFO  - 2017-10-28T10:56:05.475Z] SessionManagerReqHand - _cleanupWindowlessSessions - Asynchronous Sessions clean-up phase starting NOW
[INFO  - 2017-10-28T11:01:05.475Z] SessionManagerReqHand - _cleanupWindowlessSessions - Asynchronous Sessions clean-up phase starting NOW
[INFO  - 2017-10-28T11:06:05.475Z] SessionManagerReqHand - _cleanupWindowlessSessions - Asynchronous Sessions clean-up phase starting NOW
[INFO  - 2017-10-28T11:11:05.486Z] SessionManagerReqHand - _cleanupWindowlessSessions - Asynchronous Sessions clean-up phase starting NOW
[INFO  - 2017-10-28T11:16:05.497Z] SessionManagerReqHand - _cleanupWindowlessSessions - Asynchronous Sessions clean-up phase starting NOW
[INFO  - 2017-10-28T11:21:05.506Z] SessionManagerReqHand - _cleanupWindowlessSessions - Asynchronous Sessions clean-up phase starting NOW
[INFO  - 2017-10-28T11:26:05.510Z] SessionManagerReqHand - _cleanupWindowlessSessions - Asynchronous Sessions clean-up phase starting NOW
[INFO  - 2017-10-28T11:31:05.510Z] SessionManagerReqHand - _cleanupWindowlessSessions - Asynchronous Sessions clean-up phase starting NOW
[INFO  - 2017-10-28T11:36:05.523Z] SessionManagerReqHand - _cleanupWindowlessSessions - Asynchronous Sessions clean-up phase starting NOW
[INFO  - 2017-10-28T11:41:05.523Z] SessionManagerReqHand - _cleanupWindowlessSessions - Asynchronous Sessions clean-up phase starting NOW
[INFO  - 2017-10-28T11:46:05.538Z] SessionManagerReqHand - _cleanupWindowlessSessions - Asynchronous Sessions clean-up phase starting NOW
[INFO  - 2017-10-28T11:51:05.538Z] SessionManagerReqHand - _cleanupWindowlessSessions - Asynchronous Sessions clean-up phase starting NOW
[INFO  - 2017-10-28T11:56:05.540Z] SessionManagerReqHand - _cleanupWindowlessSessions - Asynchronous Sessions clean-up phase starting NOW
[INFO  - 2017-10-28T12:01:05.564Z] SessionManagerReqHand - _cleanupWindowlessSessions - Asynchronous Sessions clean-up phase starting NOW
[INFO  - 2017-10-28T12:06:05.564Z] SessionManagerReqHand - _cleanupWindowlessSessions - Asynchronous Sessions clean-up phase starting NOW
[INFO  - 2017-10-28T12:11:05.570Z] SessionManagerReqHand - _cleanupWindowlessSessions - Asynchronous Sessions clean-up phase starting NOW
[INFO  - 2017-10-28T12:16:05.578Z] SessionManagerReqHand - _cleanupWindowlessSessions - Asynchronous Sessions clean-up phase starting NOW
[INFO  - 2017-10-28T12:21:05.593Z] SessionManagerReqHand - _cleanupWindowlessSessions - Asynchronous Sessions clean-up phase starting NOW
[INFO  - 2017-10-28T12:26:05.608Z] SessionManagerReqHand - _cleanupWindowlessSessions - Asynchronous Sessions clean-up phase starting NOW
[INFO  - 2017-10-28T12:31:05.624Z] SessionManagerReqHand - _cleanupWindowlessSessions - Asynchronous Sessions clean-up phase starting NOW
[INFO  - 2017-10-28T12:36:05.626Z] SessionManagerReqHand - _cleanupWindowlessSessions - Asynchronous Sessions clean-up phase starting NOW
[INFO  - 2017-10-28T12:41:05.628Z] SessionManagerReqHand - _cleanupWindowlessSessions - Asynchronous Sessions clean-up phase starting NOW
[INFO  - 2017-10-28T12:46:05.639Z] SessionManagerReqHand - _cleanupWindowlessSessions - Asynchronous Sessions clean-up phase starting NOW
[INFO  - 2017-10-28T12:51:05.646Z] SessionManagerReqHand - _cleanupWindowlessSessions - Asynchronous Sessions clean-up phase starting NOW
[INFO  - 2017-10-28T12:56:05.646Z] SessionManagerReqHand - _cleanupWindowlessSessions - Asynchronous Sessions clean-up phase starting NOW
[INFO  - 2017-10-28T13:01:05.646Z] SessionManagerReqHand - _cleanupWindowlessSessions - Asynchronous Sessions clean-up phase starting NOW
[INFO  - 2017-10-28T13:06:05.646Z] SessionManagerReqHand - _cleanupWindowlessSessions - Asynchronous Sessions clean-up phase starting NOW
[INFO  - 2017-10-28T13:11:05.652Z] SessionManagerReqHand - _cleanupWindowlessSessions - Asynchronous Sessions clean-up phase starting NOW
[INFO  - 2017-10-28T13:16:05.652Z] SessionManagerReqHand - _cleanupWindowlessSessions - Asynchronous Sessions clean-up phase starting NOW
[INFO  - 2017-10-28T13:21:05.652Z] SessionManagerReqHand - _cleanupWindowlessSessions - Asynchronous Sessions clean-up phase starting NOW
[INFO  - 2017-10-28T13:26:05.669Z] SessionManagerReqHand - _cleanupWindowlessSessions - Asynchronous Sessions clean-up phase starting NOW
[INFO  - 2017-10-28T13:31:05.687Z] SessionManagerReqHand - _cleanupWindowlessSessions - Asynchronous Sessions clean-up phase starting NOW
[INFO  - 2017-10-28T13:36:05.696Z] SessionManagerReqHand - _cleanupWindowlessSessions - Asynchronous Sessions clean-up phase starting NOW
[INFO  - 2017-10-28T13:41:05.696Z] SessionManagerReqHand - _cleanupWindowlessSessions - Asynchronous Sessions clean-up phase starting NOW
[INFO  - 2017-10-28T13:46:05.696Z] SessionManagerReqHand - _cleanupWindowlessSessions - Asynchronous Sessions clean-up phase starting NOW
[INFO  - 2017-10-28T13:51:05.703Z] SessionManagerReqHand - _cleanupWindowlessSessions - Asynchronous Sessions clean-up phase starting NOW
[INFO  - 2017-10-28T13:56:05.708Z] SessionManagerReqHand - _cleanupWindowlessSessions - Asynchronous Sessions clean-up phase starting NOW
[INFO  - 2017-10-28T14:01:05.710Z] SessionManagerReqHand - _cleanupWindowlessSessions - Asynchronous Sessions clean-up phase starting NOW
